[
  {
    "line": 1,
    "elements": [
      {
        "before": [
          {
            "result": {
              "duration": 285200,
              "status": "passed"
            },
            "match": {
              "location": "TaggedHooksStepDefinition.setUP()"
            }
          },
          {
            "result": {
              "duration": 205100,
              "status": "passed"
            },
            "match": {
              "location": "TaggedHooksStepDefinition.setUP1()"
            }
          }
        ],
        "line": 30,
        "name": "Free CRM Login Test Scenario",
        "description": "",
        "id": "free-crm-login-feature;free-crm-login-test-scenario;;2",
        "after": [
          {
            "result": {
              "duration": 86200,
              "status": "passed"
            },
            "match": {
              "location": "TaggedHooksStepDefinition.tearDown1()"
            }
          },
          {
            "result": {
              "duration": 75200,
              "status": "passed"
            },
            "match": {
              "location": "TaggedHooksStepDefinition.tearDown()"
            }
          }
        ],
        "type": "scenario",
        "keyword": "Scenario Outline",
        "steps": [
          {
            "result": {
              "duration": 10774484900,
              "status": "passed"
            },
            "line": 18,
            "name": "user is already on Login Page",
            "match": {
              "location": "LoginStepDefinition.user_already_on_login_page()"
            },
            "keyword": "Given "
          },
          {
            "result": {
              "duration": 13753700,
              "status": "passed"
            },
            "line": 19,
            "name": "title of login page is Free CRM",
            "match": {
              "location": "LoginStepDefinition.title_of_login_page_is_free_CRM()"
            },
            "keyword": "When "
          },
          {
            "result": {
              "duration": 487946000,
              "status": "passed"
            },
            "line": 20,
            "name": "user enters \"brajusr\" and \"Welcome*123\"",
            "match": {
              "arguments": [
                {
                  "val": "brajusr",
                  "offset": 13
                },
                {
                  "val": "Welcome*123",
                  "offset": 27
                }
              ],
              "location": "LoginStepDefinition.user_enters_username_and_password(String,String)"
            },
            "matchedColumns": [
              0,
              1
            ],
            "keyword": "And "
          },
          {
            "result": {
              "duration": 10240207400,
              "status": "passed"
            },
            "line": 21,
            "name": "user clicks on login button",
            "match": {
              "location": "LoginStepDefinition.user_clicks_on_login_button()"
            },
            "keyword": "And "
          },
          {
            "result": {
              "duration": 28900300,
              "status": "passed"
            },
            "line": 22,
            "name": "user is on home page",
            "match": {
              "location": "LoginStepDefinition.user_is_on_hopme_page()"
            },
            "keyword": "Then "
          },
          {
            "result": {
              "duration": 50215592800,
              "status": "passed"
            },
            "line": 23,
            "name": "in home page enter search \"git\"",
            "match": {
              "arguments": [
                {
                  "val": "git",
                  "offset": 27
                }
              ],
              "location": "LoginStepDefinition.enterSearchstring_on_hopme_page(String)"
            },
            "matchedColumns": [
              2
            ],
            "keyword": "And "
          },
          {
            "result": {
              "duration": 40928500,
              "error_message": "org.openqa.selenium.NoSuchElementException: no such element: Unable to locate element: {\"method\":\"xpath\",\"selector\":\"//a[text()\u003d\u0027Git Pocket Guide\u0027]\"}\n  (Session info: chrome\u003d101.0.4951.54)\nFor documentation on this error, please visit: https://www.seleniumhq.org/exceptions/no_such_element.html\nBuild info: version: \u00273.141.59\u0027, revision: \u0027e82be7d358\u0027, time: \u00272018-11-14T08:17:03\u0027\nSystem info: host: \u0027DESKTOP-RCDUI6V\u0027, ip: \u0027172.22.0.1\u0027, os.name: \u0027Windows 10\u0027, os.arch: \u0027amd64\u0027, os.version: \u002710.0\u0027, java.version: \u002715.0.2\u0027\nDriver info: org.openqa.selenium.chrome.ChromeDriver\nCapabilities {acceptInsecureCerts: false, browserName: chrome, browserVersion: 101.0.4951.54, chrome: {chromedriverVersion: 100.0.4896.60 (6a5d10861ce8..., userDataDir: C:\\Users\\uxer\\AppData\\Local...}, goog:chromeOptions: {debuggerAddress: localhost:61064}, javascriptEnabled: true, networkConnectionEnabled: false, pageLoadStrategy: normal, platform: WINDOWS, platformName: WINDOWS, proxy: Proxy(), setWindowRect: true, strictFileInteractability: false, timeouts: {implicit: 0, pageLoad: 300000, script: 30000}, unhandledPromptBehavior: dismiss and notify, webauthn:extension:credBlob: true, webauthn:extension:largeBlob: true, webauthn:virtualAuthenticators: true}\nSession ID: 10fc0072bc8fbcb2f86d5283f1f58b1b\n*** Element info: {Using\u003dxpath, value\u003d//a[text()\u003d\u0027Git Pocket Guide\u0027]}\r\n\tat java.base/jdk.internal.reflect.NativeConstructorAccessorImpl.newInstance0(Native Method)\r\n\tat java.base/jdk.internal.reflect.NativeConstructorAccessorImpl.newInstance(NativeConstructorAccessorImpl.java:64)\r\n\tat java.base/jdk.internal.reflect.DelegatingConstructorAccessorImpl.newInstance(DelegatingConstructorAccessorImpl.java:45)\r\n\tat java.base/java.lang.reflect.Constructor.newInstanceWithCaller(Constructor.java:500)\r\n\tat java.base/java.lang.reflect.Constructor.newInstance(Constructor.java:481)\r\n\tat org.openqa.selenium.remote.http.W3CHttpResponseCodec.createException(W3CHttpResponseCodec.java:187)\r\n\tat org.openqa.selenium.remote.http.W3CHttpResponseCodec.decode(W3CHttpResponseCodec.java:122)\r\n\tat org.openqa.selenium.remote.http.W3CHttpResponseCodec.decode(W3CHttpResponseCodec.java:49)\r\n\tat org.openqa.selenium.remote.HttpCommandExecutor.execute(HttpCommandExecutor.java:158)\r\n\tat org.openqa.selenium.remote.service.DriverCommandExecutor.execute(DriverCommandExecutor.java:83)\r\n\tat org.openqa.selenium.remote.RemoteWebDriver.execute(RemoteWebDriver.java:552)\r\n\tat org.openqa.selenium.remote.RemoteWebDriver.findElement(RemoteWebDriver.java:323)\r\n\tat org.openqa.selenium.remote.RemoteWebDriver.findElementByXPath(RemoteWebDriver.java:428)\r\n\tat org.openqa.selenium.By$ByXPath.findElement(By.java:353)\r\n\tat org.openqa.selenium.remote.RemoteWebDriver.findElement(RemoteWebDriver.java:315)\r\n\tat stepDefinitions.LoginStepDefinition.verify_search_results(LoginStepDefinition.java:80)\r\n\tat ✽.Then verify search results(C:/Users/uxer/Downloads/CucumberSeleniumFramework-master/CucumberSeleniumFramework-master/src/main/java/Features/login.feature:24)\r\n",
              "status": "failed"
            },
            "line": 24,
            "name": "verify search results",
            "match": {
              "location": "LoginStepDefinition.verify_search_results()"
            },
            "keyword": "Then "
          },
          {
            "result": {
              "status": "skipped"
            },
            "line": 25,
            "name": "Close the browser",
            "match": {
              "location": "LoginStepDefinition.close_the_browser()"
            },
            "keyword": "And "
          }
        ],
        "tags": [
          {
            "line": 15,
            "name": "@Login"
          }
        ]
      },
      {
        "before": [
          {
            "result": {
              "duration": 87400,
              "status": "passed"
            },
            "match": {
              "location": "TaggedHooksStepDefinition.setUP()"
            }
          },
          {
            "result": {
              "duration": 76900,
              "status": "passed"
            },
            "match": {
              "location": "TaggedHooksStepDefinition.setUP1()"
            }
          }
        ],
        "line": 31,
        "name": "Free CRM Login Test Scenario",
        "description": "",
        "id": "free-crm-login-feature;free-crm-login-test-scenario;;3",
        "after": [
          {
            "result": {
              "duration": 139700,
              "status": "passed"
            },
            "match": {
              "location": "TaggedHooksStepDefinition.tearDown1()"
            }
          },
          {
            "result": {
              "duration": 102800,
              "status": "passed"
            },
            "match": {
              "location": "TaggedHooksStepDefinition.tearDown()"
            }
          }
        ],
        "type": "scenario",
        "keyword": "Scenario Outline",
        "steps": [
          {
            "result": {
              "duration": 8635950300,
              "status": "passed"
            },
            "line": 18,
            "name": "user is already on Login Page",
            "match": {
              "location": "LoginStepDefinition.user_already_on_login_page()"
            },
            "keyword": "Given "
          },
          {
            "result": {
              "duration": 22094000,
              "status": "passed"
            },
            "line": 19,
            "name": "title of login page is Free CRM",
            "match": {
              "location": "LoginStepDefinition.title_of_login_page_is_free_CRM()"
            },
            "keyword": "When "
          },
          {
            "result": {
              "duration": 398559700,
              "status": "passed"
            },
            "line": 20,
            "name": "user enters \"brajusr\" and \"test456\"",
            "match": {
              "arguments": [
                {
                  "val": "brajusr",
                  "offset": 13
                },
                {
                  "val": "test456",
                  "offset": 27
                }
              ],
              "location": "LoginStepDefinition.user_enters_username_and_password(String,String)"
            },
            "matchedColumns": [
              0,
              1
            ],
            "keyword": "And "
          },
          {
            "result": {
              "duration": 10066442700,
              "status": "passed"
            },
            "line": 21,
            "name": "user clicks on login button",
            "match": {
              "location": "LoginStepDefinition.user_clicks_on_login_button()"
            },
            "keyword": "And "
          },
          {
            "result": {
              "duration": 5133400,
              "status": "passed"
            },
            "line": 22,
            "name": "user is on home page",
            "match": {
              "location": "LoginStepDefinition.user_is_on_hopme_page()"
            },
            "keyword": "Then "
          },
          {
            "result": {
              "duration": 50057528400,
              "error_message": "org.openqa.selenium.NoSuchElementException: no such element: Unable to locate element: {\"method\":\"css selector\",\"selector\":\"#searchBox\"}\n  (Session info: chrome\u003d101.0.4951.54)\nFor documentation on this error, please visit: https://www.seleniumhq.org/exceptions/no_such_element.html\nBuild info: version: \u00273.141.59\u0027, revision: \u0027e82be7d358\u0027, time: \u00272018-11-14T08:17:03\u0027\nSystem info: host: \u0027DESKTOP-RCDUI6V\u0027, ip: \u0027172.22.0.1\u0027, os.name: \u0027Windows 10\u0027, os.arch: \u0027amd64\u0027, os.version: \u002710.0\u0027, java.version: \u002715.0.2\u0027\nDriver info: org.openqa.selenium.chrome.ChromeDriver\nCapabilities {acceptInsecureCerts: false, browserName: chrome, browserVersion: 101.0.4951.54, chrome: {chromedriverVersion: 100.0.4896.60 (6a5d10861ce8..., userDataDir: C:\\Users\\uxer\\AppData\\Local...}, goog:chromeOptions: {debuggerAddress: localhost:61122}, javascriptEnabled: true, networkConnectionEnabled: false, pageLoadStrategy: normal, platform: WINDOWS, platformName: WINDOWS, proxy: Proxy(), setWindowRect: true, strictFileInteractability: false, timeouts: {implicit: 0, pageLoad: 300000, script: 30000}, unhandledPromptBehavior: dismiss and notify, webauthn:extension:credBlob: true, webauthn:extension:largeBlob: true, webauthn:virtualAuthenticators: true}\nSession ID: 2cb41e03529d1aee4b22ba39df7d51d8\n*** Element info: {Using\u003did, value\u003dsearchBox}\r\n\tat java.base/jdk.internal.reflect.NativeConstructorAccessorImpl.newInstance0(Native Method)\r\n\tat java.base/jdk.internal.reflect.NativeConstructorAccessorImpl.newInstance(NativeConstructorAccessorImpl.java:64)\r\n\tat java.base/jdk.internal.reflect.DelegatingConstructorAccessorImpl.newInstance(DelegatingConstructorAccessorImpl.java:45)\r\n\tat java.base/java.lang.reflect.Constructor.newInstanceWithCaller(Constructor.java:500)\r\n\tat java.base/java.lang.reflect.Constructor.newInstance(Constructor.java:481)\r\n\tat org.openqa.selenium.remote.http.W3CHttpResponseCodec.createException(W3CHttpResponseCodec.java:187)\r\n\tat org.openqa.selenium.remote.http.W3CHttpResponseCodec.decode(W3CHttpResponseCodec.java:122)\r\n\tat org.openqa.selenium.remote.http.W3CHttpResponseCodec.decode(W3CHttpResponseCodec.java:49)\r\n\tat org.openqa.selenium.remote.HttpCommandExecutor.execute(HttpCommandExecutor.java:158)\r\n\tat org.openqa.selenium.remote.service.DriverCommandExecutor.execute(DriverCommandExecutor.java:83)\r\n\tat org.openqa.selenium.remote.RemoteWebDriver.execute(RemoteWebDriver.java:552)\r\n\tat org.openqa.selenium.remote.RemoteWebDriver.findElement(RemoteWebDriver.java:323)\r\n\tat org.openqa.selenium.remote.RemoteWebDriver.findElementById(RemoteWebDriver.java:372)\r\n\tat org.openqa.selenium.By$ById.findElement(By.java:188)\r\n\tat org.openqa.selenium.remote.RemoteWebDriver.findElement(RemoteWebDriver.java:315)\r\n\tat stepDefinitions.LoginStepDefinition.enterSearchstring_on_hopme_page(LoginStepDefinition.java:70)\r\n\tat ✽.And in home page enter search \"git\"(C:/Users/uxer/Downloads/CucumberSeleniumFramework-master/CucumberSeleniumFramework-master/src/main/java/Features/login.feature:23)\r\n",
              "status": "failed"
            },
            "line": 23,
            "name": "in home page enter search \"git\"",
            "match": {
              "arguments": [
                {
                  "val": "git",
                  "offset": 27
                }
              ],
              "location": "LoginStepDefinition.enterSearchstring_on_hopme_page(String)"
            },
            "matchedColumns": [
              2
            ],
            "keyword": "And "
          },
          {
            "result": {
              "status": "skipped"
            },
            "line": 24,
            "name": "verify search results",
            "match": {
              "location": "LoginStepDefinition.verify_search_results()"
            },
            "keyword": "Then "
          },
          {
            "result": {
              "status": "skipped"
            },
            "line": 25,
            "name": "Close the browser",
            "match": {
              "location": "LoginStepDefinition.close_the_browser()"
            },
            "keyword": "And "
          }
        ],
        "tags": [
          {
            "line": 15,
            "name": "@Login"
          }
        ]
      },
      {
        "before": [
          {
            "result": {
              "duration": 902900,
              "status": "passed"
            },
            "match": {
              "location": "TaggedHooksStepDefinition.setUP()"
            }
          },
          {
            "result": {
              "duration": 184800,
              "status": "passed"
            },
            "match": {
              "location": "TaggedHooksStepDefinition.setUP1()"
            }
          }
        ],
        "line": 32,
        "name": "Free CRM Login Test Scenario",
        "description": "",
        "id": "free-crm-login-feature;free-crm-login-test-scenario;;4",
        "after": [
          {
            "result": {
              "duration": 103900,
              "status": "passed"
            },
            "match": {
              "location": "TaggedHooksStepDefinition.tearDown1()"
            }
          },
          {
            "result": {
              "duration": 57900,
              "status": "passed"
            },
            "match": {
              "location": "TaggedHooksStepDefinition.tearDown()"
            }
          }
        ],
        "type": "scenario",
        "keyword": "Scenario Outline",
        "steps": [
          {
            "result": {
              "duration": 9870178400,
              "status": "passed"
            },
            "line": 18,
            "name": "user is already on Login Page",
            "match": {
              "location": "LoginStepDefinition.user_already_on_login_page()"
            },
            "keyword": "Given "
          },
          {
            "result": {
              "duration": 9524500,
              "status": "passed"
            },
            "line": 19,
            "name": "title of login page is Free CRM",
            "match": {
              "location": "LoginStepDefinition.title_of_login_page_is_free_CRM()"
            },
            "keyword": "When "
          },
          {
            "result": {
              "duration": 396001600,
              "status": "passed"
            },
            "line": 20,
            "name": "user enters \"brajusr\" and \"Welcome*123\"",
            "match": {
              "arguments": [
                {
                  "val": "brajusr",
                  "offset": 13
                },
                {
                  "val": "Welcome*123",
                  "offset": 27
                }
              ],
              "location": "LoginStepDefinition.user_enters_username_and_password(String,String)"
            },
            "matchedColumns": [
              0,
              1
            ],
            "keyword": "And "
          },
          {
            "result": {
              "duration": 10092200200,
              "status": "passed"
            },
            "line": 21,
            "name": "user clicks on login button",
            "match": {
              "location": "LoginStepDefinition.user_clicks_on_login_button()"
            },
            "keyword": "And "
          },
          {
            "result": {
              "duration": 5999500,
              "status": "passed"
            },
            "line": 22,
            "name": "user is on home page",
            "match": {
              "location": "LoginStepDefinition.user_is_on_hopme_page()"
            },
            "keyword": "Then "
          },
          {
            "result": {
              "duration": 50270270400,
              "status": "passed"
            },
            "line": 23,
            "name": "in home page enter search \"git\"",
            "match": {
              "arguments": [
                {
                  "val": "git",
                  "offset": 27
                }
              ],
              "location": "LoginStepDefinition.enterSearchstring_on_hopme_page(String)"
            },
            "matchedColumns": [
              2
            ],
            "keyword": "And "
          },
          {
            "result": {
              "duration": 16225900,
              "error_message": "org.openqa.selenium.NoSuchElementException: no such element: Unable to locate element: {\"method\":\"xpath\",\"selector\":\"//a[text()\u003d\u0027Git Pocket Guide\u0027]\"}\n  (Session info: chrome\u003d101.0.4951.54)\nFor documentation on this error, please visit: https://www.seleniumhq.org/exceptions/no_such_element.html\nBuild info: version: \u00273.141.59\u0027, revision: \u0027e82be7d358\u0027, time: \u00272018-11-14T08:17:03\u0027\nSystem info: host: \u0027DESKTOP-RCDUI6V\u0027, ip: \u0027172.22.0.1\u0027, os.name: \u0027Windows 10\u0027, os.arch: \u0027amd64\u0027, os.version: \u002710.0\u0027, java.version: \u002715.0.2\u0027\nDriver info: org.openqa.selenium.chrome.ChromeDriver\nCapabilities {acceptInsecureCerts: false, browserName: chrome, browserVersion: 101.0.4951.54, chrome: {chromedriverVersion: 100.0.4896.60 (6a5d10861ce8..., userDataDir: C:\\Users\\uxer\\AppData\\Local...}, goog:chromeOptions: {debuggerAddress: localhost:61175}, javascriptEnabled: true, networkConnectionEnabled: false, pageLoadStrategy: normal, platform: WINDOWS, platformName: WINDOWS, proxy: Proxy(), setWindowRect: true, strictFileInteractability: false, timeouts: {implicit: 0, pageLoad: 300000, script: 30000}, unhandledPromptBehavior: dismiss and notify, webauthn:extension:credBlob: true, webauthn:extension:largeBlob: true, webauthn:virtualAuthenticators: true}\nSession ID: 9e6482f70ef986f0e232ed5faa8ab93f\n*** Element info: {Using\u003dxpath, value\u003d//a[text()\u003d\u0027Git Pocket Guide\u0027]}\r\n\tat java.base/jdk.internal.reflect.NativeConstructorAccessorImpl.newInstance0(Native Method)\r\n\tat java.base/jdk.internal.reflect.NativeConstructorAccessorImpl.newInstance(NativeConstructorAccessorImpl.java:64)\r\n\tat java.base/jdk.internal.reflect.DelegatingConstructorAccessorImpl.newInstance(DelegatingConstructorAccessorImpl.java:45)\r\n\tat java.base/java.lang.reflect.Constructor.newInstanceWithCaller(Constructor.java:500)\r\n\tat java.base/java.lang.reflect.Constructor.newInstance(Constructor.java:481)\r\n\tat org.openqa.selenium.remote.http.W3CHttpResponseCodec.createException(W3CHttpResponseCodec.java:187)\r\n\tat org.openqa.selenium.remote.http.W3CHttpResponseCodec.decode(W3CHttpResponseCodec.java:122)\r\n\tat org.openqa.selenium.remote.http.W3CHttpResponseCodec.decode(W3CHttpResponseCodec.java:49)\r\n\tat org.openqa.selenium.remote.HttpCommandExecutor.execute(HttpCommandExecutor.java:158)\r\n\tat org.openqa.selenium.remote.service.DriverCommandExecutor.execute(DriverCommandExecutor.java:83)\r\n\tat org.openqa.selenium.remote.RemoteWebDriver.execute(RemoteWebDriver.java:552)\r\n\tat org.openqa.selenium.remote.RemoteWebDriver.findElement(RemoteWebDriver.java:323)\r\n\tat org.openqa.selenium.remote.RemoteWebDriver.findElementByXPath(RemoteWebDriver.java:428)\r\n\tat org.openqa.selenium.By$ByXPath.findElement(By.java:353)\r\n\tat org.openqa.selenium.remote.RemoteWebDriver.findElement(RemoteWebDriver.java:315)\r\n\tat stepDefinitions.LoginStepDefinition.verify_search_results(LoginStepDefinition.java:80)\r\n\tat ✽.Then verify search results(C:/Users/uxer/Downloads/CucumberSeleniumFramework-master/CucumberSeleniumFramework-master/src/main/java/Features/login.feature:24)\r\n",
              "status": "failed"
            },
            "line": 24,
            "name": "verify search results",
            "match": {
              "location": "LoginStepDefinition.verify_search_results()"
            },
            "keyword": "Then "
          },
          {
            "result": {
              "status": "skipped"
            },
            "line": 25,
            "name": "Close the browser",
            "match": {
              "location": "LoginStepDefinition.close_the_browser()"
            },
            "keyword": "And "
          }
        ],
        "tags": [
          {
            "line": 15,
            "name": "@Login"
          }
        ]
      }
    ],
    "name": "Free CRM Login Feature",
    "description": "",
    "id": "free-crm-login-feature",
    "keyword": "Feature",
    "uri": "C:/Users/uxer/Downloads/CucumberSeleniumFramework-master/CucumberSeleniumFramework-master/src/main/java/Features/login.feature"
  }
]